C51 COMPILER V9.01   MAIN                                                                  02/13/2023 12:07:14 PAGE 1   


C51 COMPILER V9.01, COMPILATION OF MODULE MAIN
OBJECT MODULE PLACED IN main.OBJ
COMPILER INVOKED BY: C:\Keil\C51\BIN\C51.EXE main.c BROWSE DEBUG OBJECTEXTEND

line level    source

   1          /*
   2          C51开发版中，控制蜂鸣器的是P25
   3          现象：让蜂鸣器发出声音，一段时间后停止
   4          */
   5          
   6          #include "reg52.h"
   7          typedef unsigned int u16;
   8          typedef unsigned char u8;
   9          
  10          sbit BEEP=P2^5;
  11          
  12          void delay_10us(u16 ten_us){
  13   1              while(ten_us--);
  14   1      }
  15          
  16          int main(){
  17   1              u16 i = 0;
  18   1              while(1){
  19   2                      i = 10000;
  20   2                      while(i--){
  21   3                              BEEP =!BEEP;
  22   3                              delay_10us(100);
  23   3                      }
  24   2                      BEEP=0;
  25   2      
  26   2                      i = =1000;
*** ERROR C141 IN LINE 26 OF MAIN.C: syntax error near '='
  27   2                      while(i--){
  28   3                              BEEP =! BEEP;
  29   3                              delay_10us(1000);
  30   3                      }
  31   2                      BEEP=0;
  32   2                      i = 100;
  33   2                      while(i--){
  34   3                              BEEP =! BEEP;
  35   3                              delay_10us(10000);
  36   3                      }
  37   2                      BEEP=0;
  38   2              }
  39   1      }
  40          

C51 COMPILATION COMPLETE.  0 WARNING(S),  1 ERROR(S)
